TN:
SF:src/conditions.ts
FN:1,verificarIdade
FN:9,verificarPosto
FN:17,verificarNave
FN:25,verificarMissao
FN:31,verificarTripulante
FN:39,verificarNumeroNave
FNF:6
FNH:6
FNDA:2,verificarIdade
FNDA:2,verificarPosto
FNDA:2,verificarNave
FNDA:2,verificarMissao
FNDA:2,verificarTripulante
FNDA:2,verificarNumeroNave
DA:1,1
DA:2,2
DA:3,1
DA:5,1
DA:9,1
DA:10,2
DA:11,1
DA:13,1
DA:17,1
DA:18,2
DA:19,1
DA:21,1
DA:25,1
DA:26,2
DA:27,2
DA:31,1
DA:32,2
DA:33,1
DA:35,1
DA:39,1
DA:40,2
DA:41,2
LF:22
LH:22
BRDA:2,0,0,1
BRDA:2,0,1,1
BRDA:10,1,0,1
BRDA:10,1,1,1
BRDA:18,2,0,1
BRDA:18,2,1,1
BRDA:26,3,0,2
BRDA:26,4,0,2
BRDA:26,4,1,1
BRDA:32,5,0,1
BRDA:32,5,1,1
BRDA:32,6,0,2
BRDA:32,6,1,1
BRDA:40,7,0,2
BRF:14
BRH:14
end_of_record
